<?xml version="1.0" encoding="UTF-8"?>
<!-- Generated by org.testng.reporters.JUnitReportReporter -->
<testsuite hostname="DESKTOP-0N61RF9" failures="0" tests="1" name="packageTest.ProgramTest1" time="9.753" errors="0" timestamp="2024-07-26T17:56:08 AEST" skipped="0">
  <testcase classname="packageTest.ProgramTest1" name="verifyTitle" time="9.753"/>
  <system-out/>
</testsuite> <!-- packageTest.ProgramTest1 -->
