<?xml version="1.0" encoding="UTF-8"?>
<!-- Generated by org.testng.reporters.JUnitReportReporter -->
<testsuite hostname="DESKTOP-0N61RF9" failures="0" tests="1" name="packageTest.ProgramTest1" time="10.429" errors="0" timestamp="2024-07-26T21:04:24 AEST" skipped="0">
  <testcase classname="packageTest.ProgramTest1" name="verifyTitle" time="10.429"/>
  <system-out/>
</testsuite> <!-- packageTest.ProgramTest1 -->
